Library/Bee/Android/Prj/Mono2x/Gradle/unityLibrary/build/intermediates/manifest_merge_blame_file/release/manifest-merger-blame-release-report.txt
1<?xml version="1.0" encoding="utf-8"?>
2<manifest xmlns:android="http://schemas.android.com/apk/res/android"
3    xmlns:tools="http://schemas.android.com/tools"
4    package="com.unity3d.player" >
5
6    <uses-sdk android:minSdkVersion="22" />
6-->src/main/AndroidManifest.xml
7
8    <uses-feature android:glEsVersion="0x00030000" />
8-->src/main/AndroidManifest.xml:3:3-52
8-->src/main/AndroidManifest.xml:3:17-49
9    <uses-feature
9-->src/main/AndroidManifest.xml:4:3-91
10        android:name="android.hardware.vulkan.version"
10-->src/main/AndroidManifest.xml:4:17-63
11        android:required="false" />
11-->src/main/AndroidManifest.xml:4:64-88
12    <uses-feature
12-->src/main/AndroidManifest.xml:5:3-88
13        android:name="android.hardware.touchscreen"
13-->src/main/AndroidManifest.xml:5:17-60
14        android:required="false" />
14-->src/main/AndroidManifest.xml:5:61-85
15    <uses-feature
15-->src/main/AndroidManifest.xml:6:3-99
16        android:name="android.hardware.touchscreen.multitouch"
16-->src/main/AndroidManifest.xml:6:17-71
17        android:required="false" />
17-->src/main/AndroidManifest.xml:6:72-96
18    <uses-feature
18-->src/main/AndroidManifest.xml:7:3-108
19        android:name="android.hardware.touchscreen.multitouch.distinct"
19-->src/main/AndroidManifest.xml:7:17-80
20        android:required="false" />
20-->src/main/AndroidManifest.xml:7:81-105
21
22    <application android:extractNativeLibs="true" >
22-->src/main/AndroidManifest.xml:8:3-22:17
22-->src/main/AndroidManifest.xml:8:16-48
23        <meta-data
23-->src/main/AndroidManifest.xml:9:5-69
24            android:name="unity.splash-mode"
24-->src/main/AndroidManifest.xml:9:16-48
25            android:value="0" />
25-->src/main/AndroidManifest.xml:9:49-66
26        <meta-data
26-->src/main/AndroidManifest.xml:10:5-74
27            android:name="unity.splash-enable"
27-->src/main/AndroidManifest.xml:10:16-50
28            android:value="True" />
28-->src/main/AndroidManifest.xml:10:51-71
29        <meta-data
29-->src/main/AndroidManifest.xml:11:5-78
30            android:name="unity.launch-fullscreen"
30-->src/main/AndroidManifest.xml:11:16-54
31            android:value="True" />
31-->src/main/AndroidManifest.xml:11:55-75
32        <meta-data
32-->src/main/AndroidManifest.xml:12:5-73
33            android:name="android.max_aspect"
33-->src/main/AndroidManifest.xml:12:16-49
34            android:value="1.86" />
34-->src/main/AndroidManifest.xml:12:50-70
35        <meta-data
35-->src/main/AndroidManifest.xml:13:5-85
36            android:name="unity.render-outside-safearea"
36-->src/main/AndroidManifest.xml:13:16-60
37            android:value="False" />
37-->src/main/AndroidManifest.xml:13:61-82
38        <meta-data
38-->src/main/AndroidManifest.xml:14:5-84
39            android:name="unity.auto-report-fully-drawn"
39-->src/main/AndroidManifest.xml:14:16-60
40            android:value="true" />
40-->src/main/AndroidManifest.xml:14:61-81
41
42        <activity
42-->src/main/AndroidManifest.xml:15:5-21:16
43            android:name="com.unity3d.player.UnityPlayerActivity"
43-->src/main/AndroidManifest.xml:15:15-68
44            android:configChanges="mcc|mnc|locale|touchscreen|keyboard|keyboardHidden|navigation|orientation|screenLayout|uiMode|screenSize|smallestScreenSize|fontScale|layoutDirection|density"
44-->src/main/AndroidManifest.xml:15:211-392
45            android:exported="true"
45-->src/main/AndroidManifest.xml:15:464-487
46            android:hardwareAccelerated="false"
46-->src/main/AndroidManifest.xml:15:428-463
47            android:launchMode="singleTask"
47-->src/main/AndroidManifest.xml:15:149-180
48            android:maxAspectRatio="1.86"
48-->src/main/AndroidManifest.xml:15:181-210
49            android:resizeableActivity="false"
49-->src/main/AndroidManifest.xml:15:393-427
50            android:screenOrientation="landscape"
50-->src/main/AndroidManifest.xml:15:111-148
51            android:theme="@style/UnityThemeSelector" >
51-->src/main/AndroidManifest.xml:15:69-110
52            <intent-filter>
52-->src/main/AndroidManifest.xml:16:7-19:23
53                <category android:name="android.intent.category.LAUNCHER" />
53-->src/main/AndroidManifest.xml:17:9-69
53-->src/main/AndroidManifest.xml:17:19-66
54
55                <action android:name="android.intent.action.MAIN" />
55-->src/main/AndroidManifest.xml:18:9-61
55-->src/main/AndroidManifest.xml:18:17-58
56            </intent-filter>
57
58            <meta-data
58-->src/main/AndroidManifest.xml:20:7-82
59                android:name="unityplayer.UnityActivity"
59-->src/main/AndroidManifest.xml:20:18-58
60                android:value="true" />
60-->src/main/AndroidManifest.xml:20:59-79
61        </activity>
62    </application>
63
64</manifest>